16:36:23.772 [main] DEBUG api.test.UserTests - debugging.....
16:36:23.810 [main] INFO  api.test.UserTests - ********** Creating user  ***************
16:36:28.577 [main] INFO  api.test.UserTests - **********User is created  ***************
16:36:28.645 [main] INFO  api.test.UserTests - ********** Reading User Info ***************
16:36:29.960 [main] INFO  api.test.UserTests - **********User info  is displayed ***************
16:36:29.970 [main] INFO  api.test.UserTests - ********** Updating User ***************
16:36:31.210 [main] INFO  api.test.UserTests - ********** User updated ***************
16:36:32.436 [main] INFO  api.test.UserTests - **********   Deleting User  ***************
16:36:33.644 [main] INFO  api.test.UserTests - ********** User deleted ***************
17:07:14.290 [main] DEBUG api.test.UserTests2 - debugging.....
17:07:14.317 [main] INFO  api.test.UserTests2 - ********** Creating user  ***************
17:07:18.701 [main] INFO  api.test.UserTests2 - **********User is creatged  ***************
17:07:18.731 [main] INFO  api.test.UserTests2 - ********** Reading User Info ***************
17:07:20.062 [main] INFO  api.test.UserTests2 - **********User info  is displayed ***************
17:07:20.087 [main] INFO  api.test.UserTests2 - ********** Updating User ***************
17:07:21.417 [main] INFO  api.test.UserTests2 - ********** User updated ***************
17:07:22.660 [main] INFO  api.test.UserTests2 - **********   Deleting User  ***************
17:07:23.935 [main] INFO  api.test.UserTests2 - ********** User deleted ***************
17:34:32.134 [main] DEBUG api.test.UserTests2 - debugging.....
17:34:32.148 [main] INFO  api.test.UserTests2 - ********** Creating user  ***************
17:34:35.947 [main] INFO  api.test.UserTests2 - **********User is creatged  ***************
17:34:35.971 [main] INFO  api.test.UserTests2 - ********** Reading User Info ***************
17:34:37.264 [main] INFO  api.test.UserTests2 - **********User info  is displayed ***************
17:34:37.272 [main] INFO  api.test.UserTests2 - ********** Updating User ***************
17:34:38.529 [main] INFO  api.test.UserTests2 - ********** User updated ***************
17:34:39.768 [main] INFO  api.test.UserTests2 - **********   Deleting User  ***************
17:34:41.021 [main] INFO  api.test.UserTests2 - ********** User deleted ***************
17:37:24.548 [main] DEBUG api.test.UserTests2 - debugging.....
17:37:24.563 [main] INFO  api.test.UserTests2 - ********** Creating user  ***************
17:37:28.947 [main] INFO  api.test.UserTests2 - **********User is creatged  ***************
17:37:28.966 [main] INFO  api.test.UserTests2 - ********** Reading User Info ***************
17:37:30.245 [main] INFO  api.test.UserTests2 - **********User info  is displayed ***************
17:37:30.247 [main] INFO  api.test.UserTests2 - ********** Updating User ***************
17:37:32.226 [main] INFO  api.test.UserTests2 - ********** User updated ***************
17:37:33.624 [main] INFO  api.test.UserTests2 - **********   Deleting User  ***************
17:37:34.873 [main] INFO  api.test.UserTests2 - ********** User deleted ***************
